<?xml version="1.0" encoding="UTF-8"?>
<testsuite name="uTest user creation" tests="1" skipped="0" failures="1" errors="0" timestamp="2022-09-02T03:19:23" hostname="DESKTOP-BAEN53T" time="195.842">
  <properties/>
  <testcase name="Register a new user in uTest" classname="uTest user creation" time="195.842">
    <failure message="net.thucydides.core.webdriver.exceptions.ElementShouldBeEnabledException: Expected enabled element was not enabled" type="net.thucydides.core.webdriver.exceptions.ElementShouldBeEnabledException">net.thucydides.core.webdriver.exceptions.ElementShouldBeEnabledException: Expected enabled element was not enabled
	at net.serenitybdd.core.pages.WebElementFacadeImpl.waitUntilEnabled(WebElementFacadeImpl.java:1149)
	at net.serenitybdd.core.pages.WebElementFacadeImpl.waitUntilElementAvailable(WebElementFacadeImpl.java:954)
	at net.serenitybdd.core.pages.WebElementFacadeImpl.click(WebElementFacadeImpl.java:1229)
	at net.serenitybdd.screenplay.actions.ClickOnTarget.performAs(ClickOnTarget.java:13)
	at net.serenitybdd.screenplay.actions.ClickOnTarget$ByteBuddy$5FppC30E.performAs$accessor$9qqRaiid(Unknown Source)
	at sun.reflect.NativeMethodAccessorImpl.invoke0(Native Method)
	at sun.reflect.NativeMethodAccessorImpl.invoke(NativeMethodAccessorImpl.java:62)
	at sun.reflect.DelegatingMethodAccessorImpl.invoke(DelegatingMethodAccessorImpl.java:43)
	at java.lang.reflect.Method.invoke(Method.java:498)
	at net.thucydides.core.steps.StepInterceptor.invokeMethod(StepInterceptor.java:471)
	at net.thucydides.core.steps.StepInterceptor.executeTestStepMethod(StepInterceptor.java:451)
	at net.thucydides.core.steps.StepInterceptor.runTestStep(StepInterceptor.java:424)
	at net.thucydides.core.steps.StepInterceptor.runOrSkipMethod(StepInterceptor.java:180)
	at net.thucydides.core.steps.StepInterceptor.testStepResult(StepInterceptor.java:167)
	at net.thucydides.core.steps.StepInterceptor.intercept(StepInterceptor.java:75)
	at net.serenitybdd.screenplay.actions.ClickOnTarget$ByteBuddy$5FppC30E.performAs(Unknown Source)
	at net.serenitybdd.screenplay.Actor.performTask(Actor.java:233)
	at net.serenitybdd.screenplay.Actor.perform(Actor.java:214)
	at net.serenitybdd.screenplay.Actor.attemptsTo(Actor.java:171)
	at co.com.utest.automation.tasks.Form3.performAs(Form3.java:21)
	at co.com.utest.automation.tasks.Form3$ByteBuddy$FxSTrj3V.performAs$accessor$vw0ainND(Unknown Source)
	at sun.reflect.NativeMethodAccessorImpl.invoke0(Native Method)
	at sun.reflect.NativeMethodAccessorImpl.invoke(NativeMethodAccessorImpl.java:62)
	at sun.reflect.DelegatingMethodAccessorImpl.invoke(DelegatingMethodAccessorImpl.java:43)
	at java.lang.reflect.Method.invoke(Method.java:498)
	at net.thucydides.core.steps.StepInterceptor.invokeMethod(StepInterceptor.java:471)
	at net.thucydides.core.steps.StepInterceptor.executeTestStepMethod(StepInterceptor.java:451)
	at net.thucydides.core.steps.StepInterceptor.runTestStep(StepInterceptor.java:424)
	at net.thucydides.core.steps.StepInterceptor.runOrSkipMethod(StepInterceptor.java:180)
	at net.thucydides.core.steps.StepInterceptor.testStepResult(StepInterceptor.java:167)
	at net.thucydides.core.steps.StepInterceptor.intercept(StepInterceptor.java:75)
	at co.com.utest.automation.tasks.Form3$ByteBuddy$FxSTrj3V.performAs(Unknown Source)
	at net.serenitybdd.screenplay.Actor.performTask(Actor.java:233)
	at net.serenitybdd.screenplay.Actor.perform(Actor.java:214)
	at net.serenitybdd.screenplay.Actor.attemptsTo(Actor.java:171)
	at net.serenitybdd.screenplay.Actor.wasAbleTo(Actor.java:158)
	at co.com.utest.automation.stepdefinitions.utestStepDefinitions.sheEntersHerDataInTheUTestRegistrationForm(utestStepDefinitions.java:27)
	at ✽.she enters her data in the uTest registration form(src/test/resources/features/utest.feature:8)
Caused by: org.openqa.selenium.TimeoutException: Expected condition failed: waiting for By.xpath: //*[@id=&quot;mobile-device&quot;]/div[1]/div[2]/div/div[1]/span to be enabled (tried for 5 second(s) with 100 milliseconds interval)
	at org.openqa.selenium.support.ui.FluentWait.timeoutException(FluentWait.java:304)
	at org.openqa.selenium.support.ui.FluentWait.until(FluentWait.java:272)
	at net.serenitybdd.core.pages.WebElementFacadeImpl.waitUntilEnabled(WebElementFacadeImpl.java:1146)
	at net.serenitybdd.core.pages.WebElementFacadeImpl.waitUntilElementAvailable(WebElementFacadeImpl.java:954)
	at net.serenitybdd.core.pages.WebElementFacadeImpl.click(WebElementFacadeImpl.java:1229)
	at net.serenitybdd.screenplay.actions.ClickOnTarget.performAs(ClickOnTarget.java:13)
	at net.serenitybdd.screenplay.actions.ClickOnTarget$ByteBuddy$5FppC30E.performAs$accessor$9qqRaiid(Unknown Source)
	at sun.reflect.NativeMethodAccessorImpl.invoke0(Native Method)
	at sun.reflect.NativeMethodAccessorImpl.invoke(NativeMethodAccessorImpl.java:62)
	at sun.reflect.DelegatingMethodAccessorImpl.invoke(DelegatingMethodAccessorImpl.java:43)
	at java.lang.reflect.Method.invoke(Method.java:498)
	at net.thucydides.core.steps.StepInterceptor.invokeMethod(StepInterceptor.java:471)
	at net.thucydides.core.steps.StepInterceptor.executeTestStepMethod(StepInterceptor.java:451)
	at net.thucydides.core.steps.StepInterceptor.runTestStep(StepInterceptor.java:424)
	at net.thucydides.core.steps.StepInterceptor.runOrSkipMethod(StepInterceptor.java:180)
	at net.thucydides.core.steps.StepInterceptor.testStepResult(StepInterceptor.java:167)
	at net.thucydides.core.steps.StepInterceptor.intercept(StepInterceptor.java:75)
	at net.serenitybdd.screenplay.actions.ClickOnTarget$ByteBuddy$5FppC30E.performAs(Unknown Source)
	at net.serenitybdd.screenplay.Actor.performTask(Actor.java:233)
	at net.serenitybdd.screenplay.Actor.perform(Actor.java:214)
	at net.serenitybdd.screenplay.Actor.attemptsTo(Actor.java:171)
	at co.com.utest.automation.tasks.Form3.performAs(Form3.java:21)
	at co.com.utest.automation.tasks.Form3$ByteBuddy$FxSTrj3V.performAs$accessor$vw0ainND(Unknown Source)
	at sun.reflect.NativeMethodAccessorImpl.invoke0(Native Method)
	at sun.reflect.NativeMethodAccessorImpl.invoke(NativeMethodAccessorImpl.java:62)
	at sun.reflect.DelegatingMethodAccessorImpl.invoke(DelegatingMethodAccessorImpl.java:43)
	at java.lang.reflect.Method.invoke(Method.java:498)
	at net.thucydides.core.steps.StepInterceptor.invokeMethod(StepInterceptor.java:471)
	at net.thucydides.core.steps.StepInterceptor.executeTestStepMethod(StepInterceptor.java:451)
	at net.thucydides.core.steps.StepInterceptor.runTestStep(StepInterceptor.java:424)
	at net.thucydides.core.steps.StepInterceptor.runOrSkipMethod(StepInterceptor.java:180)
	at net.thucydides.core.steps.StepInterceptor.testStepResult(StepInterceptor.java:167)
	at net.thucydides.core.steps.StepInterceptor.intercept(StepInterceptor.java:75)
	at co.com.utest.automation.tasks.Form3$ByteBuddy$FxSTrj3V.performAs(Unknown Source)
	at net.serenitybdd.screenplay.Actor.performTask(Actor.java:233)
	at net.serenitybdd.screenplay.Actor.perform(Actor.java:214)
	at net.serenitybdd.screenplay.Actor.attemptsTo(Actor.java:171)
	at net.serenitybdd.screenplay.Actor.wasAbleTo(Actor.java:158)
	at co.com.utest.automation.stepdefinitions.utestStepDefinitions.sheEntersHerDataInTheUTestRegistrationForm(utestStepDefinitions.java:27)
	at sun.reflect.NativeMethodAccessorImpl.invoke0(Native Method)
	at sun.reflect.NativeMethodAccessorImpl.invoke(NativeMethodAccessorImpl.java:62)
	at sun.reflect.DelegatingMethodAccessorImpl.invoke(DelegatingMethodAccessorImpl.java:43)
	at java.lang.reflect.Method.invoke(Method.java:498)
	at cucumber.runtime.Utils$1.call(Utils.java:31)
	at cucumber.runtime.Timeout.timeout(Timeout.java:16)
	at cucumber.runtime.Utils.invoke(Utils.java:25)
	at cucumber.runtime.java.JavaStepDefinition.execute(JavaStepDefinition.java:37)
	at cucumber.runtime.StepDefinitionMatch.runStep(StepDefinitionMatch.java:40)
	at cucumber.api.TestStep.executeStep(TestStep.java:102)
	at cucumber.api.TestStep.run(TestStep.java:83)
	at cucumber.api.TestCase.run(TestCase.java:58)
	at cucumber.runner.Runner.runPickle(Runner.java:80)
	at cucumber.runtime.junit.PickleRunners$NoStepDescriptions.run(PickleRunners.java:140)
	at cucumber.runtime.junit.FeatureRunner.runChild(FeatureRunner.java:68)
	at cucumber.runtime.junit.FeatureRunner.runChild(FeatureRunner.java:23)
	at org.junit.runners.ParentRunner$3.run(ParentRunner.java:290)
	at org.junit.runners.ParentRunner$1.schedule(ParentRunner.java:71)
	at org.junit.runners.ParentRunner.runChildren(ParentRunner.java:288)
	at org.junit.runners.ParentRunner.access$000(ParentRunner.java:58)
	at org.junit.runners.ParentRunner$2.evaluate(ParentRunner.java:268)
	at org.junit.runners.ParentRunner.run(ParentRunner.java:363)
	at cucumber.runtime.junit.FeatureRunner.run(FeatureRunner.java:73)
	at cucumber.api.junit.Cucumber.runChild(Cucumber.java:118)
	at cucumber.api.junit.Cucumber.runChild(Cucumber.java:56)
	at org.junit.runners.ParentRunner$3.run(ParentRunner.java:290)
	at org.junit.runners.ParentRunner$1.schedule(ParentRunner.java:71)
	at org.junit.runners.ParentRunner.runChildren(ParentRunner.java:288)
	at org.junit.runners.ParentRunner.access$000(ParentRunner.java:58)
	at org.junit.runners.ParentRunner$2.evaluate(ParentRunner.java:268)
	at cucumber.api.junit.Cucumber$1.evaluate(Cucumber.java:127)
	at org.junit.runners.ParentRunner.run(ParentRunner.java:363)
	at org.gradle.api.internal.tasks.testing.junit.JUnitTestClassExecutor.runTestClass(JUnitTestClassExecutor.java:110)
	at org.gradle.api.internal.tasks.testing.junit.JUnitTestClassExecutor.execute(JUnitTestClassExecutor.java:58)
	at org.gradle.api.internal.tasks.testing.junit.JUnitTestClassExecutor.execute(JUnitTestClassExecutor.java:38)
	at org.gradle.api.internal.tasks.testing.junit.AbstractJUnitTestClassProcessor.processTestClass(AbstractJUnitTestClassProcessor.java:62)
	at org.gradle.api.internal.tasks.testing.SuiteTestClassProcessor.processTestClass(SuiteTestClassProcessor.java:51)
	at sun.reflect.NativeMethodAccessorImpl.invoke0(Native Method)
	at sun.reflect.NativeMethodAccessorImpl.invoke(NativeMethodAccessorImpl.java:62)
	at sun.reflect.DelegatingMethodAccessorImpl.invoke(DelegatingMethodAccessorImpl.java:43)
	at java.lang.reflect.Method.invoke(Method.java:498)
	at org.gradle.internal.dispatch.ReflectionDispatch.dispatch(ReflectionDispatch.java:36)
	at org.gradle.internal.dispatch.ReflectionDispatch.dispatch(ReflectionDispatch.java:24)
	at org.gradle.internal.dispatch.ContextClassLoaderDispatch.dispatch(ContextClassLoaderDispatch.java:33)
	at org.gradle.internal.dispatch.ProxyDispatchAdapter$DispatchingInvocationHandler.invoke(ProxyDispatchAdapter.java:94)
	at com.sun.proxy.$Proxy2.processTestClass(Unknown Source)
	at org.gradle.api.internal.tasks.testing.worker.TestWorker$2.run(TestWorker.java:176)
	at org.gradle.api.internal.tasks.testing.worker.TestWorker.executeAndMaintainThreadName(TestWorker.java:129)
	at org.gradle.api.internal.tasks.testing.worker.TestWorker.execute(TestWorker.java:100)
	at org.gradle.api.internal.tasks.testing.worker.TestWorker.execute(TestWorker.java:60)
	at org.gradle.process.internal.worker.child.ActionExecutionWorker.execute(ActionExecutionWorker.java:56)
	at org.gradle.process.internal.worker.child.SystemApplicationClassLoaderWorker.call(SystemApplicationClassLoaderWorker.java:133)
	at org.gradle.process.internal.worker.child.SystemApplicationClassLoaderWorker.call(SystemApplicationClassLoaderWorker.java:71)
	at worker.org.gradle.process.internal.worker.GradleWorkerMain.run(GradleWorkerMain.java:69)
	at worker.org.gradle.process.internal.worker.GradleWorkerMain.main(GradleWorkerMain.java:74)
Caused by: org.openqa.selenium.NoSuchElementException: no such element: Unable to locate element: {&quot;method&quot;:&quot;xpath&quot;,&quot;selector&quot;:&quot;//*[@id=&quot;mobile-device&quot;]/div[1]/div[2]/div/div[1]/span&quot;}
  (Session info: chrome=105.0.5195.54)
For documentation on this error, please visit: https://www.seleniumhq.org/exceptions/no_such_element.html
Build info: version: '3.141.59', revision: 'e82be7d358', time: '2018-11-14T08:17:03'
System info: host: 'DESKTOP-BAEN53T', ip: '169.254.139.221', os.name: 'Windows 10', os.arch: 'amd64', os.version: '10.0', java.version: '1.8.0_221'
Driver info: org.openqa.selenium.chrome.ChromeDriver
Capabilities {acceptInsecureCerts: false, browserName: chrome, browserVersion: 105.0.5195.54, chrome: {chromedriverVersion: 104.0.5112.79 (3cf3e8c8a07d..., userDataDir: C:\Users\USUARIO\AppData\Lo...}, goog:chromeOptions: {debuggerAddress: localhost:57675}, javascriptEnabled: true, networkConnectionEnabled: false, pageLoadStrategy: normal, platform: WINDOWS, platformName: WINDOWS, proxy: Proxy(), setWindowRect: true, strictFileInteractability: false, timeouts: {implicit: 0, pageLoad: 300000, script: 30000}, unhandledPromptBehavior: dismiss and notify, webauthn:extension:credBlob: true, webauthn:extension:largeBlob: true, webauthn:virtualAuthenticators: true}
Session ID: 04fb2c10f2fa98876add60faad165ac2
*** Element info: {Using=xpath, value=//*[@id=&quot;mobile-device&quot;]/div[1]/div[2]/div/div[1]/span}
	at sun.reflect.NativeConstructorAccessorImpl.newInstance0(Native Method)
	at sun.reflect.NativeConstructorAccessorImpl.newInstance(NativeConstructorAccessorImpl.java:62)
	at sun.reflect.DelegatingConstructorAccessorImpl.newInstance(DelegatingConstructorAccessorImpl.java:45)
	at java.lang.reflect.Constructor.newInstance(Constructor.java:423)
	at org.openqa.selenium.remote.http.W3CHttpResponseCodec.createException(W3CHttpResponseCodec.java:187)
	at org.openqa.selenium.remote.http.W3CHttpResponseCodec.decode(W3CHttpResponseCodec.java:122)
	at org.openqa.selenium.remote.http.W3CHttpResponseCodec.decode(W3CHttpResponseCodec.java:49)
	at org.openqa.selenium.remote.HttpCommandExecutor.execute(HttpCommandExecutor.java:158)
	at org.openqa.selenium.remote.service.DriverCommandExecutor.execute(DriverCommandExecutor.java:83)
	at org.openqa.selenium.remote.RemoteWebDriver.execute(RemoteWebDriver.java:552)
	at org.openqa.selenium.remote.RemoteWebDriver.findElement(RemoteWebDriver.java:323)
	at org.openqa.selenium.remote.RemoteWebDriver.findElementByXPath(RemoteWebDriver.java:428)
	at org.openqa.selenium.By$ByXPath.findElement(By.java:353)
	at org.openqa.selenium.remote.RemoteWebDriver.findElement(RemoteWebDriver.java:315)
	at net.thucydides.core.webdriver.WebDriverFacade.findElement(WebDriverFacade.java:222)
	at net.serenitybdd.core.pages.WebElementResolverByLocator.resolveForDriver(WebElementResolverByLocator.java:18)
	at net.serenitybdd.core.pages.WebElementFacadeImpl.getElement(WebElementFacadeImpl.java:221)
	at net.serenitybdd.core.pages.WebElementExpectations$3.apply(WebElementExpectations.java:63)
	at net.serenitybdd.core.pages.WebElementExpectations$3.apply(WebElementExpectations.java:55)
	at org.openqa.selenium.support.ui.FluentWait.until(FluentWait.java:249)
	... 92 more
</failure>
  </testcase>
  <system-out><![CDATA[]]></system-out>
  <system-err><![CDATA[[Test worker] WARN net.thucydides.core.steps.BaseStepListener - stepStarted: net.thucydides.core.steps.ExecutedStepDescription@1e044120
[Test worker] WARN net.thucydides.core.steps.BaseStepListener - stepStarted: net.thucydides.core.steps.ExecutedStepDescription@5b4d25e7
[Test worker] WARN net.thucydides.core.steps.BaseStepListener - stepStarted: net.thucydides.core.steps.ExecutedStepDescription@24e08d59
sep 01, 2022 10:19:25 PM org.openqa.selenium.remote.DesiredCapabilities chrome
INFORMACIÓN: Using `new ChromeOptions()` is preferred to `DesiredCapabilities.chrome()`
[Test worker] INFO net.serenitybdd.core.webdriver.driverproviders.ProvideNewDriver - Instantiating driver
[Test worker] INFO net.serenitybdd.core.webdriver.driverproviders.ProvideNewDriver - Driver capabilities: Capabilities {acceptInsecureCerts: false, browserName: chrome, chrome.switches: --start-maximized, goog:chromeOptions: {args: [--start-maximized], extensions: []}, loggingPrefs: org.openqa.selenium.logging..., platform: ANY, version: }
Starting ChromeDriver 104.0.5112.79 (3cf3e8c8a07d104b9e1260c910efb8f383285dc5-refs/branch-heads/5112@{#1307}) on port 42666
Only local connections are allowed.
Please see https://chromedriver.chromium.org/security-considerations for suggestions on keeping ChromeDriver safe.
ChromeDriver was started successfully.
[1662088825.477][WARNING]: This version of ChromeDriver has not been tested with Chrome version 105.
sep 01, 2022 10:20:26 PM org.openqa.selenium.remote.ProtocolHandshake createSession
INFORMACIÓN: Detected dialect: W3C
[Test worker] WARN net.thucydides.core.steps.BaseStepListener - stepFinished: current outcome:Register a new user in uTest:Given than Luisa wants to work independently in the testing area on the uTest platform [Luisa open up [Luisa opens the U test page]]
[Test worker] WARN net.thucydides.core.steps.BaseStepListener - stepFinished: current outcome:Register a new user in uTest:Given than Luisa wants to work independently in the testing area on the uTest platform [Luisa open up [Luisa opens the U test page]]
[Test worker] WARN net.thucydides.core.steps.BaseStepListener - stepStarted: net.thucydides.core.steps.ExecutedStepDescription@2bfaba70
[Test worker] WARN net.thucydides.core.steps.BaseStepListener - stepStarted: net.thucydides.core.steps.ExecutedStepDescription@45c9b3
[Test worker] WARN net.thucydides.core.steps.BaseStepListener - stepFinished: current outcome:Register a new user in uTest:Given than Luisa wants to work independently in the testing area on the uTest platform [Luisa open up [Luisa opens the U test page], Luisa login [Luisa clicks on button that shows us the form to login]]
[Test worker] WARN net.thucydides.core.steps.BaseStepListener - stepFinished: current outcome:Register a new user in uTest:Given than Luisa wants to work independently in the testing area on the uTest platform [Luisa open up [Luisa opens the U test page], Luisa login [Luisa clicks on button that shows us the form to login]]
[Test worker] WARN net.thucydides.core.steps.BaseStepListener - stepFinished: current outcome:Register a new user in uTest:Given than Luisa wants to work independently in the testing area on the uTest platform [Luisa open up [Luisa opens the U test page], Luisa login [Luisa clicks on button that shows us the form to login]]
[Test worker] WARN net.thucydides.core.steps.BaseStepListener - stepStarted: net.thucydides.core.steps.ExecutedStepDescription@4f654cee
[Test worker] WARN net.thucydides.core.steps.BaseStepListener - stepStarted: net.thucydides.core.steps.ExecutedStepDescription@13c8ac77
[Test worker] WARN net.thucydides.core.steps.BaseStepListener - stepStarted: net.thucydides.core.steps.ExecutedStepDescription@4fb04a72
[Test worker] WARN net.thucydides.core.steps.BaseStepListener - stepFinished: current outcome:Register a new user in uTest:Given than Luisa wants to work independently in the testing area on the uTest platform [Luisa open up [Luisa opens the U test page], Luisa login [Luisa clicks on button that shows us the form to login]], When she enters her data in the uTest registration form [Luisa form1 [Luisa enters 'Luisa Fernanda' into Write First Name]]
[1662088866.879][SEVERE]: Timed out receiving message from renderer: 10.000
[1662088866.879][WARNING]: screenshot failed, retrying timeout: Timed out receiving message from renderer: 10.000
[1662088876.891][SEVERE]: Timed out receiving message from renderer: 10.000
[1662088887.708][SEVERE]: Timed out receiving message from renderer: 10.000
[1662088887.708][WARNING]: screenshot failed, retrying timeout: Timed out receiving message from renderer: 10.000
[1662088897.719][SEVERE]: Timed out receiving message from renderer: 10.000
[Test worker] WARN net.thucydides.core.steps.BaseStepListener - stepStarted: net.thucydides.core.steps.ExecutedStepDescription@5426cb36
[Test worker] WARN net.thucydides.core.steps.BaseStepListener - stepFinished: current outcome:Register a new user in uTest:Given than Luisa wants to work independently in the testing area on the uTest platform [Luisa open up [Luisa opens the U test page], Luisa login [Luisa clicks on button that shows us the form to login]], When she enters her data in the uTest registration form [Luisa form1 [Luisa enters 'Luisa Fernanda' into Write First Name, Luisa enters 'Vega Camacho' into Write Last Name]]
[Test worker] WARN net.thucydides.core.steps.BaseStepListener - stepStarted: net.thucydides.core.steps.ExecutedStepDescription@11b32a14
[Test worker] WARN net.thucydides.core.steps.BaseStepListener - stepFinished: current outcome:Register a new user in uTest:Given than Luisa wants to work independently in the testing area on the uTest platform [Luisa open up [Luisa opens the U test page], Luisa login [Luisa clicks on button that shows us the form to login]], When she enters her data in the uTest registration form [Luisa form1 [Luisa enters 'Luisa Fernanda' into Write First Name, Luisa enters 'Vega Camacho' into Write Last Name, Luisa enters 'pruebitas@gmail.com' into Write Email Address]]
[Test worker] WARN net.thucydides.core.steps.BaseStepListener - stepStarted: net.thucydides.core.steps.ExecutedStepDescription@4f2d014a
[Test worker] WARN net.thucydides.core.steps.BaseStepListener - stepFinished: current outcome:Register a new user in uTest:Given than Luisa wants to work independently in the testing area on the uTest platform [Luisa open up [Luisa opens the U test page], Luisa login [Luisa clicks on button that shows us the form to login]], When she enters her data in the uTest registration form [Luisa form1 [Luisa enters 'Luisa Fernanda' into Write First Name, Luisa enters 'Vega Camacho' into Write Last Name, Luisa enters 'pruebitas@gmail.com' into Write Email Address, Luisa clicks on Select Month Option]]
[Test worker] WARN net.thucydides.core.steps.BaseStepListener - stepStarted: net.thucydides.core.steps.ExecutedStepDescription@7c0f28f8
[Test worker] WARN net.thucydides.core.steps.BaseStepListener - stepFinished: current outcome:Register a new user in uTest:Given than Luisa wants to work independently in the testing area on the uTest platform [Luisa open up [Luisa opens the U test page], Luisa login [Luisa clicks on button that shows us the form to login]], When she enters her data in the uTest registration form [Luisa form1 [Luisa enters 'Luisa Fernanda' into Write First Name, Luisa enters 'Vega Camacho' into Write Last Name, Luisa enters 'pruebitas@gmail.com' into Write Email Address, Luisa clicks on Select Month Option, Luisa clicks on Select Day Option]]
[Test worker] WARN net.thucydides.core.steps.BaseStepListener - stepStarted: net.thucydides.core.steps.ExecutedStepDescription@7066363
[Test worker] WARN net.thucydides.core.steps.BaseStepListener - stepFinished: current outcome:Register a new user in uTest:Given than Luisa wants to work independently in the testing area on the uTest platform [Luisa open up [Luisa opens the U test page], Luisa login [Luisa clicks on button that shows us the form to login]], When she enters her data in the uTest registration form [Luisa form1 [Luisa enters 'Luisa Fernanda' into Write First Name, Luisa enters 'Vega Camacho' into Write Last Name, Luisa enters 'pruebitas@gmail.com' into Write Email Address, Luisa clicks on Select Month Option, Luisa clicks on Select Day Option, Luisa clicks on Select Year Option]]
[Test worker] WARN net.thucydides.core.steps.BaseStepListener - stepStarted: net.thucydides.core.steps.ExecutedStepDescription@180b3819
[Test worker] WARN net.thucydides.core.steps.BaseStepListener - stepFinished: current outcome:Register a new user in uTest:Given than Luisa wants to work independently in the testing area on the uTest platform [Luisa open up [Luisa opens the U test page], Luisa login [Luisa clicks on button that shows us the form to login]], When she enters her data in the uTest registration form [Luisa form1 [Luisa enters 'Luisa Fernanda' into Write First Name, Luisa enters 'Vega Camacho' into Write Last Name, Luisa enters 'pruebitas@gmail.com' into Write Email Address, Luisa clicks on Select Month Option, Luisa clicks on Select Day Option, Luisa clicks on Select Year Option, Luisa enters 'Spanish' into Select Language]]
[Test worker] WARN net.thucydides.core.steps.BaseStepListener - stepStarted: net.thucydides.core.steps.ExecutedStepDescription@4a50d04a
[Test worker] WARN net.thucydides.core.steps.BaseStepListener - stepFinished: current outcome:Register a new user in uTest:Given than Luisa wants to work independently in the testing area on the uTest platform [Luisa open up [Luisa opens the U test page], Luisa login [Luisa clicks on button that shows us the form to login]], When she enters her data in the uTest registration form [Luisa form1 [Luisa enters 'Luisa Fernanda' into Write First Name, Luisa enters 'Vega Camacho' into Write Last Name, Luisa enters 'pruebitas@gmail.com' into Write Email Address, Luisa clicks on Select Month Option, Luisa clicks on Select Day Option, Luisa clicks on Select Year Option, Luisa enters 'Spanish' into Select Language, Luisa enters ENTER into Select Language]]
[Test worker] WARN net.thucydides.core.steps.BaseStepListener - stepStarted: net.thucydides.core.steps.ExecutedStepDescription@4aa2877c
[Test worker] WARN net.thucydides.core.steps.BaseStepListener - stepFinished: current outcome:Register a new user in uTest:Given than Luisa wants to work independently in the testing area on the uTest platform [Luisa open up [Luisa opens the U test page], Luisa login [Luisa clicks on button that shows us the form to login]], When she enters her data in the uTest registration form [Luisa form1 [Luisa enters 'Luisa Fernanda' into Write First Name, Luisa enters 'Vega Camacho' into Write Last Name, Luisa enters 'pruebitas@gmail.com' into Write Email Address, Luisa clicks on Select Month Option, Luisa clicks on Select Day Option, Luisa clicks on Select Year Option, Luisa enters 'Spanish' into Select Language, Luisa enters ENTER into Select Language, Luisa clicks on Click in Button Next]]
[Test worker] WARN net.thucydides.core.steps.BaseStepListener - stepFinished: current outcome:Register a new user in uTest:Given than Luisa wants to work independently in the testing area on the uTest platform [Luisa open up [Luisa opens the U test page], Luisa login [Luisa clicks on button that shows us the form to login]], When she enters her data in the uTest registration form [Luisa form1 [Luisa enters 'Luisa Fernanda' into Write First Name, Luisa enters 'Vega Camacho' into Write Last Name, Luisa enters 'pruebitas@gmail.com' into Write Email Address, Luisa clicks on Select Month Option, Luisa clicks on Select Day Option, Luisa clicks on Select Year Option, Luisa enters 'Spanish' into Select Language, Luisa enters ENTER into Select Language, Luisa clicks on Click in Button Next]]
[Test worker] WARN net.thucydides.core.steps.BaseStepListener - stepStarted: net.thucydides.core.steps.ExecutedStepDescription@627ff1b8
[Test worker] WARN net.thucydides.core.steps.BaseStepListener - stepStarted: net.thucydides.core.steps.ExecutedStepDescription@28157173
[Test worker] WARN net.thucydides.core.steps.BaseStepListener - stepFinished: current outcome:Register a new user in uTest:Given than Luisa wants to work independently in the testing area on the uTest platform [Luisa open up [Luisa opens the U test page], Luisa login [Luisa clicks on button that shows us the form to login]], When she enters her data in the uTest registration form [Luisa form1 [Luisa enters 'Luisa Fernanda' into Write First Name, Luisa enters 'Vega Camacho' into Write Last Name, Luisa enters 'pruebitas@gmail.com' into Write Email Address, Luisa clicks on Select Month Option, Luisa clicks on Select Day Option, Luisa clicks on Select Year Option, Luisa enters 'Spanish' into Select Language, Luisa enters ENTER into Select Language, Luisa clicks on Click in Button Next], Luisa form2 [Luisa enters 'Bogota D.C' into City]]
[Test worker] WARN net.thucydides.core.steps.BaseStepListener - stepStarted: net.thucydides.core.steps.ExecutedStepDescription@6b357eb6
[Test worker] WARN net.thucydides.core.steps.BaseStepListener - stepFinished: current outcome:Register a new user in uTest:Given than Luisa wants to work independently in the testing area on the uTest platform [Luisa open up [Luisa opens the U test page], Luisa login [Luisa clicks on button that shows us the form to login]], When she enters her data in the uTest registration form [Luisa form1 [Luisa enters 'Luisa Fernanda' into Write First Name, Luisa enters 'Vega Camacho' into Write Last Name, Luisa enters 'pruebitas@gmail.com' into Write Email Address, Luisa clicks on Select Month Option, Luisa clicks on Select Day Option, Luisa clicks on Select Year Option, Luisa enters 'Spanish' into Select Language, Luisa enters ENTER into Select Language, Luisa clicks on Click in Button Next], Luisa form2 [Luisa enters 'Bogota D.C' into City, Luisa enters ARROW_DOWN into City]]
[Test worker] WARN net.thucydides.core.steps.BaseStepListener - stepStarted: net.thucydides.core.steps.ExecutedStepDescription@337a6d30
[Test worker] WARN net.thucydides.core.steps.BaseStepListener - stepFinished: current outcome:Register a new user in uTest:Given than Luisa wants to work independently in the testing area on the uTest platform [Luisa open up [Luisa opens the U test page], Luisa login [Luisa clicks on button that shows us the form to login]], When she enters her data in the uTest registration form [Luisa form1 [Luisa enters 'Luisa Fernanda' into Write First Name, Luisa enters 'Vega Camacho' into Write Last Name, Luisa enters 'pruebitas@gmail.com' into Write Email Address, Luisa clicks on Select Month Option, Luisa clicks on Select Day Option, Luisa clicks on Select Year Option, Luisa enters 'Spanish' into Select Language, Luisa enters ENTER into Select Language, Luisa clicks on Click in Button Next], Luisa form2 [Luisa enters 'Bogota D.C' into City, Luisa enters ARROW_DOWN into City, Luisa enters ENTER into City]]
[Test worker] WARN net.thucydides.core.steps.BaseStepListener - stepStarted: net.thucydides.core.steps.ExecutedStepDescription@3b24087d
[Test worker] WARN net.thucydides.core.steps.BaseStepListener - stepFinished: current outcome:Register a new user in uTest:Given than Luisa wants to work independently in the testing area on the uTest platform [Luisa open up [Luisa opens the U test page], Luisa login [Luisa clicks on button that shows us the form to login]], When she enters her data in the uTest registration form [Luisa form1 [Luisa enters 'Luisa Fernanda' into Write First Name, Luisa enters 'Vega Camacho' into Write Last Name, Luisa enters 'pruebitas@gmail.com' into Write Email Address, Luisa clicks on Select Month Option, Luisa clicks on Select Day Option, Luisa clicks on Select Year Option, Luisa enters 'Spanish' into Select Language, Luisa enters ENTER into Select Language, Luisa clicks on Click in Button Next], Luisa form2 [Luisa enters 'Bogota D.C' into City, Luisa enters ARROW_DOWN into City, Luisa enters ENTER into City, Luisa enters '110821' into Postal]]
[Test worker] WARN net.thucydides.core.steps.BaseStepListener - stepStarted: net.thucydides.core.steps.ExecutedStepDescription@58f2466c
[Test worker] WARN net.thucydides.core.steps.BaseStepListener - stepFinished: current outcome:Register a new user in uTest:Given than Luisa wants to work independently in the testing area on the uTest platform [Luisa open up [Luisa opens the U test page], Luisa login [Luisa clicks on button that shows us the form to login]], When she enters her data in the uTest registration form [Luisa form1 [Luisa enters 'Luisa Fernanda' into Write First Name, Luisa enters 'Vega Camacho' into Write Last Name, Luisa enters 'pruebitas@gmail.com' into Write Email Address, Luisa clicks on Select Month Option, Luisa clicks on Select Day Option, Luisa clicks on Select Year Option, Luisa enters 'Spanish' into Select Language, Luisa enters ENTER into Select Language, Luisa clicks on Click in Button Next], Luisa form2 [Luisa enters 'Bogota D.C' into City, Luisa enters ARROW_DOWN into City, Luisa enters ENTER into City, Luisa enters '110821' into Postal, Luisa clicks on Country]]
[Test worker] WARN net.thucydides.core.steps.BaseStepListener - stepStarted: net.thucydides.core.steps.ExecutedStepDescription@422ad5e2
[Test worker] WARN net.thucydides.core.steps.BaseStepListener - stepFinished: current outcome:Register a new user in uTest:Given than Luisa wants to work independently in the testing area on the uTest platform [Luisa open up [Luisa opens the U test page], Luisa login [Luisa clicks on button that shows us the form to login]], When she enters her data in the uTest registration form [Luisa form1 [Luisa enters 'Luisa Fernanda' into Write First Name, Luisa enters 'Vega Camacho' into Write Last Name, Luisa enters 'pruebitas@gmail.com' into Write Email Address, Luisa clicks on Select Month Option, Luisa clicks on Select Day Option, Luisa clicks on Select Year Option, Luisa enters 'Spanish' into Select Language, Luisa enters ENTER into Select Language, Luisa clicks on Click in Button Next], Luisa form2 [Luisa enters 'Bogota D.C' into City, Luisa enters ARROW_DOWN into City, Luisa enters ENTER into City, Luisa enters '110821' into Postal, Luisa clicks on Country, Luisa enters 'Colombia' into Country]]
[Test worker] WARN net.thucydides.core.steps.BaseStepListener - stepStarted: net.thucydides.core.steps.ExecutedStepDescription@6367a688
[Test worker] WARN net.thucydides.core.steps.BaseStepListener - stepFinished: current outcome:Register a new user in uTest:Given than Luisa wants to work independently in the testing area on the uTest platform [Luisa open up [Luisa opens the U test page], Luisa login [Luisa clicks on button that shows us the form to login]], When she enters her data in the uTest registration form [Luisa form1 [Luisa enters 'Luisa Fernanda' into Write First Name, Luisa enters 'Vega Camacho' into Write Last Name, Luisa enters 'pruebitas@gmail.com' into Write Email Address, Luisa clicks on Select Month Option, Luisa clicks on Select Day Option, Luisa clicks on Select Year Option, Luisa enters 'Spanish' into Select Language, Luisa enters ENTER into Select Language, Luisa clicks on Click in Button Next], Luisa form2 [Luisa enters 'Bogota D.C' into City, Luisa enters ARROW_DOWN into City, Luisa enters ENTER into City, Luisa enters '110821' into Postal, Luisa clicks on Country, Luisa enters 'Colombia' into Country, Luisa enters ENTER into Country]]
[Test worker] WARN net.thucydides.core.steps.BaseStepListener - stepStarted: net.thucydides.core.steps.ExecutedStepDescription@5efeb117
[Test worker] WARN net.thucydides.core.steps.BaseStepListener - stepFinished: current outcome:Register a new user in uTest:Given than Luisa wants to work independently in the testing area on the uTest platform [Luisa open up [Luisa opens the U test page], Luisa login [Luisa clicks on button that shows us the form to login]], When she enters her data in the uTest registration form [Luisa form1 [Luisa enters 'Luisa Fernanda' into Write First Name, Luisa enters 'Vega Camacho' into Write Last Name, Luisa enters 'pruebitas@gmail.com' into Write Email Address, Luisa clicks on Select Month Option, Luisa clicks on Select Day Option, Luisa clicks on Select Year Option, Luisa enters 'Spanish' into Select Language, Luisa enters ENTER into Select Language, Luisa clicks on Click in Button Next], Luisa form2 [Luisa enters 'Bogota D.C' into City, Luisa enters ARROW_DOWN into City, Luisa enters ENTER into City, Luisa enters '110821' into Postal, Luisa clicks on Country, Luisa enters 'Colombia' into Country, Luisa enters ENTER into Country, Luisa clicks on Next Button]]
[Test worker] WARN net.thucydides.core.steps.BaseStepListener - stepFinished: current outcome:Register a new user in uTest:Given than Luisa wants to work independently in the testing area on the uTest platform [Luisa open up [Luisa opens the U test page], Luisa login [Luisa clicks on button that shows us the form to login]], When she enters her data in the uTest registration form [Luisa form1 [Luisa enters 'Luisa Fernanda' into Write First Name, Luisa enters 'Vega Camacho' into Write Last Name, Luisa enters 'pruebitas@gmail.com' into Write Email Address, Luisa clicks on Select Month Option, Luisa clicks on Select Day Option, Luisa clicks on Select Year Option, Luisa enters 'Spanish' into Select Language, Luisa enters ENTER into Select Language, Luisa clicks on Click in Button Next], Luisa form2 [Luisa enters 'Bogota D.C' into City, Luisa enters ARROW_DOWN into City, Luisa enters ENTER into City, Luisa enters '110821' into Postal, Luisa clicks on Country, Luisa enters 'Colombia' into Country, Luisa enters ENTER into Country, Luisa clicks on Next Button]]
[Test worker] WARN net.thucydides.core.steps.BaseStepListener - stepStarted: net.thucydides.core.steps.ExecutedStepDescription@525b1b70
[Test worker] WARN net.thucydides.core.steps.BaseStepListener - stepStarted: net.thucydides.core.steps.ExecutedStepDescription@2443abd6
[Test worker] WARN net.thucydides.core.steps.BaseStepListener - stepStarted: net.thucydides.core.steps.ExecutedStepDescription@415a3f6a
[Test worker] WARN net.thucydides.core.steps.BaseStepListener - testFinished: Register a new user in uTest:Given than Luisa wants to work independently in the testing area on the uTest platform [Luisa open up [Luisa opens the U test page], Luisa login [Luisa clicks on button that shows us the form to login]], When she enters her data in the uTest registration form [Luisa form1 [Luisa enters 'Luisa Fernanda' into Write First Name, Luisa enters 'Vega Camacho' into Write Last Name, Luisa enters 'pruebitas@gmail.com' into Write Email Address, Luisa clicks on Select Month Option, Luisa clicks on Select Day Option, Luisa clicks on Select Year Option, Luisa enters 'Spanish' into Select Language, Luisa enters ENTER into Select Language, Luisa clicks on Click in Button Next], Luisa form2 [Luisa enters 'Bogota D.C' into City, Luisa enters ARROW_DOWN into City, Luisa enters ENTER into City, Luisa enters '110821' into Postal, Luisa clicks on Country, Luisa enters 'Colombia' into Country, Luisa enters ENTER into Country, Luisa clicks on Next Button], Luisa form3 [Luisa clicks on Select Your Mobile Device]], Then she finishes by clicking register
[Test worker] WARN net.thucydides.core.steps.BaseStepListener - TestOutcomes: [Register a new user in uTest:Given than Luisa wants to work independently in the testing area on the uTest platform [Luisa open up [Luisa opens the U test page], Luisa login [Luisa clicks on button that shows us the form to login]], When she enters her data in the uTest registration form [Luisa form1 [Luisa enters 'Luisa Fernanda' into Write First Name, Luisa enters 'Vega Camacho' into Write Last Name, Luisa enters 'pruebitas@gmail.com' into Write Email Address, Luisa clicks on Select Month Option, Luisa clicks on Select Day Option, Luisa clicks on Select Year Option, Luisa enters 'Spanish' into Select Language, Luisa enters ENTER into Select Language, Luisa clicks on Click in Button Next], Luisa form2 [Luisa enters 'Bogota D.C' into City, Luisa enters ARROW_DOWN into City, Luisa enters ENTER into City, Luisa enters '110821' into Postal, Luisa clicks on Country, Luisa enters 'Colombia' into Country, Luisa enters ENTER into Country, Luisa clicks on Next Button], Luisa form3 [Luisa clicks on Select Your Mobile Device]], Then she finishes by clicking register]
sep 01, 2022 10:22:38 PM org.openqa.selenium.os.OsProcess destroy
GRAVE: Unable to kill process java.lang.ProcessImpl@34330f77
[Test worker] WARN net.thucydides.core.steps.BaseStepListener - Final testOutcomes: [Register a new user in uTest:Given than Luisa wants to work independently in the testing area on the uTest platform [Luisa open up [Luisa opens the U test page], Luisa login [Luisa clicks on button that shows us the form to login]], When she enters her data in the uTest registration form [Luisa form1 [Luisa enters 'Luisa Fernanda' into Write First Name, Luisa enters 'Vega Camacho' into Write Last Name, Luisa enters 'pruebitas@gmail.com' into Write Email Address, Luisa clicks on Select Month Option, Luisa clicks on Select Day Option, Luisa clicks on Select Year Option, Luisa enters 'Spanish' into Select Language, Luisa enters ENTER into Select Language, Luisa clicks on Click in Button Next], Luisa form2 [Luisa enters 'Bogota D.C' into City, Luisa enters ARROW_DOWN into City, Luisa enters ENTER into City, Luisa enters '110821' into Postal, Luisa clicks on Country, Luisa enters 'Colombia' into Country, Luisa enters ENTER into Country, Luisa clicks on Next Button], Luisa form3 [Luisa clicks on Select Your Mobile Device]], Then she finishes by clicking register]
[Test worker] ERROR net.thucydides.core.steps.ConsoleLoggingListener - 
           __  _____ _____ ____ _____   _____ _    ___ _     _____ ____  
  _       / / |_   _| ____/ ___|_   _| |  ___/ \  |_ _| |   | ____|  _ \ 
 (_)_____| |    | | |  _| \___ \ | |   | |_ / _ \  | || |   |  _| | | | |
  _|_____| |    | | | |___ ___) || |   |  _/ ___ \ | || |___| |___| |_| |
 (_)     | |    |_| |_____|____/ |_|   |_|/_/   \_\___|_____|_____|____/ 
          \_\                                                            

TEST FAILED: Register a new user in uTest
--------------------------------------------------------------------------
[Test worker] ERROR net.thucydides.core.steps.ConsoleLoggingListener - TEST FAILED AT STEP Luisa clicks on Select Your Mobile Device
[Test worker] ERROR net.thucydides.core.steps.ConsoleLoggingListener - Expected enabled element was not enabled
]]></system-err>
</testsuite>
