<?xml version="1.0" encoding="UTF-8"?><testsuite errors="0" failures="1" name="uTest user creation" skipped="0" tests="1" time="184.43" timestamp="2022-09-01 10:19:23"><testcase name="Register a new user in uTest"><failure message="Expected enabled element was not enabled" type="net.thucydides.core.webdriver.exceptions.ElementShouldBeEnabledException">Expected enabled element was not enabled</failure><system-err>Expected enabled element was not enabled&#13;
co.com.utest.automation.tasks.Form3.performAs(Form3.java:21)&#13;
co.com.utest.automation.stepdefinitions.utestStepDefinitions.sheEntersHerDataInTheUTestRegistrationForm(utestStepDefinitions.java:27)&#13;
cucumber.runner.Runner.runPickle(Runner.java:80)&#13;
worker.org.gradle.process.internal.worker.GradleWorkerMain.run(GradleWorkerMain.java:69)&#13;
worker.org.gradle.process.internal.worker.GradleWorkerMain.main(GradleWorkerMain.java:74)&#13;
</system-err></testcase></testsuite>