<?xml version="1.0" encoding="UTF-8"?><testsuite errors="1" failures="0" name="uTest user creation" skipped="0" tests="1" time="382.56" timestamp="2022-09-01 11:52:44"><testcase name="Register a new user in uTest"><error message="Arity mismatch: Step Definition 'co.com.utest.automation.stepdefinitions.utestStepDefinitions.sheFinishesByClickingRegister() in file:/C:/Users/USUARIO/Desktop/Reto%20Técnico%20de%20Automatización/co.com.utest.automation/build/classes/java/test/' with pattern [^she finishes by clicking register(.*)$] is declared with 0 parameters. However, the gherkin step has 1 arguments []. &#10;Step text: she finishes by clicking register" type="cucumber.runtime.CucumberException">Arity mismatch: Step Definition 'co.com.utest.automation.stepdefinitions.utestStepDefinitions.sheFinishesByClickingRegister() in file:/C:/Users/USUARIO/Desktop/Reto%20Técnico%20de%20Automatización/co.com.utest.automation/build/classes/java/test/' with pattern [^she finishes by clicking register(.*)$] is declared with 0 parameters. However, the gherkin step has 1 arguments []. 
Step text: she finishes by clicking register</error><system-err>Arity mismatch: Step Definition 'co.com.utest.automation.stepdefinitions.utestStepDefinitions.sheFinishesByClickingRegister() in file:/C:/Users/USUARIO/Desktop/Reto%20Técnico%20de%20Automatización/co.com.utest.automation/build/classes/java/test/' with pattern [^she finishes by clicking register(.*)$] is declared with 0 parameters. However, the gherkin step has 1 arguments []. 
Step text: she finishes by clicking register&#13;
cucumber.runner.Runner.runPickle(Runner.java:80)&#13;
worker.org.gradle.process.internal.worker.GradleWorkerMain.run(GradleWorkerMain.java:69)&#13;
worker.org.gradle.process.internal.worker.GradleWorkerMain.main(GradleWorkerMain.java:74)&#13;
</system-err></testcase></testsuite>